<?xml version="1.0" encoding="UTF-8"?>
<!-- Generated by org.testng.reporters.JUnitReportReporter -->
<testsuite hostname="DESKTOP-LETECF3" failures="0" tests="7" name="com.flipkart.stepdefinitions.PerfumePurchase" time="0.043" errors="0" timestamp="21 Aug 2022 08:19:45 GMT" skipped="1">
  <testcase classname="com.flipkart.stepdefinitions.PerfumePurchase" name="closeLogin" time="0.008"/>
  <testcase classname="com.flipkart.stepdefinitions.PerfumePurchase" name="SearchTab" time="0.008"/>
  <testcase classname="com.flipkart.stepdefinitions.PerfumePurchase" name="SearchContent" time="0.006"/>
  <testcase classname="com.flipkart.stepdefinitions.PerfumePurchase" name="ScreenShot" time="0.006"/>
  <testcase classname="com.flipkart.stepdefinitions.PerfumePurchase" name="ScreenShot" time="0.006"/>
  <testcase classname="com.flipkart.stepdefinitions.PerfumePurchase" name="ScreenShot" time="0.009"/>
  <testcase classname="com.flipkart.stepdefinitions.PerfumePurchase" name="ClickOnItem">
    <skipped/>
  </testcase> <!-- ClickOnItem -->
</testsuite> <!-- com.flipkart.stepdefinitions.PerfumePurchase -->
